{"/Users/shinefox/Desktop/WDV4416/mask.js": {"path":"/Users/shinefox/Desktop/WDV4416/mask.js","statementMap":{"0":{"start":{"line":2,"column":4},"end":{"line":14,"column":5}},"1":{"start":{"line":3,"column":17},"end":{"line":3,"column":19}},"2":{"start":{"line":4,"column":8},"end":{"line":10,"column":9}},"3":{"start":{"line":4,"column":20},"end":{"line":4,"column":21}},"4":{"start":{"line":5,"column":12},"end":{"line":9,"column":13}},"5":{"start":{"line":6,"column":16},"end":{"line":6,"column":33}},"6":{"start":{"line":8,"column":16},"end":{"line":8,"column":38}},"7":{"start":{"line":11,"column":8},"end":{"line":11,"column":31}},"8":{"start":{"line":13,"column":8},"end":{"line":13,"column":41}},"9":{"start":{"line":17,"column":0},"end":{"line":17,"column":22}}},"fnMap":{"0":{"name":"mask","decl":{"start":{"line":1,"column":9},"end":{"line":1,"column":13}},"loc":{"start":{"line":1,"column":21},"end":{"line":15,"column":1}},"line":1}},"branchMap":{"0":{"loc":{"start":{"line":2,"column":4},"end":{"line":14,"column":5}},"type":"if","locations":[{"start":{"line":2,"column":4},"end":{"line":14,"column":5}},{"start":{"line":12,"column":11},"end":{"line":14,"column":5}}],"line":2},"1":{"loc":{"start":{"line":2,"column":7},"end":{"line":2,"column":44}},"type":"binary-expr","locations":[{"start":{"line":2,"column":7},"end":{"line":2,"column":24}},{"start":{"line":2,"column":28},"end":{"line":2,"column":44}}],"line":2},"2":{"loc":{"start":{"line":5,"column":12},"end":{"line":9,"column":13}},"type":"if","locations":[{"start":{"line":5,"column":12},"end":{"line":9,"column":13}},{"start":{"line":7,"column":17},"end":{"line":9,"column":13}}],"line":5}},"s":{"0":5,"1":4,"2":4,"3":4,"4":58,"5":42,"6":16,"7":4,"8":1,"9":1},"f":{"0":5},"b":{"0":[4,1],"1":[5,5],"2":[42,16]},"_coverageSchema":"1a1c01bbd47fc00a2c39e90264f33305004495a9","hash":"815fe6fca6382b84c0189bb53ae27f73fdf6268d"}
,"/Users/shinefox/Desktop/WDV4416/total.js": {"path":"/Users/shinefox/Desktop/WDV4416/total.js","statementMap":{"0":{"start":{"line":1,"column":14},"end":{"line":7,"column":1}},"1":{"start":{"line":2,"column":16},"end":{"line":2,"column":17}},"2":{"start":{"line":3,"column":4},"end":{"line":5,"column":5}},"3":{"start":{"line":4,"column":8},"end":{"line":4,"column":30}},"4":{"start":{"line":6,"column":4},"end":{"line":6,"column":17}},"5":{"start":{"line":9,"column":0},"end":{"line":9,"column":23}}},"fnMap":{"0":{"name":"(anonymous_0)","decl":{"start":{"line":1,"column":14},"end":{"line":1,"column":15}},"loc":{"start":{"line":1,"column":24},"end":{"line":7,"column":1}},"line":1}},"branchMap":{},"s":{"0":1,"1":1,"2":1,"3":3,"4":1,"5":1},"f":{"0":1},"b":{},"_coverageSchema":"1a1c01bbd47fc00a2c39e90264f33305004495a9","hash":"d62a34ae2a4c94f0e4d8eacb830a7ef36a9466d0"}
}
